{"C:\\Users\\shree.maharajan\\Documents\\task management\\app.js": {"path":"C:\\Users\\shree.maharajan\\Documents\\task management\\app.js","statementMap":{"0":{"start":{"line":18,"column":12},"end":{"line":18,"column":21}},"1":{"start":{"line":19,"column":0},"end":{"line":19,"column":24}},"2":{"start":{"line":20,"column":0},"end":{"line":20,"column":23}},"3":{"start":{"line":28,"column":28},"end":{"line":30,"column":1}},"4":{"start":{"line":29,"column":2},"end":{"line":29,"column":35}},"5":{"start":{"line":34,"column":0},"end":{"line":34,"column":29}},"6":{"start":{"line":35,"column":0},"end":{"line":35,"column":30}}},"fnMap":{"0":{"name":"(anonymous_0)","decl":{"start":{"line":28,"column":28},"end":{"line":28,"column":29}},"loc":{"start":{"line":28,"column":34},"end":{"line":30,"column":1}},"line":28}},"branchMap":{},"s":{"0":2,"1":2,"2":2,"3":2,"4":0,"5":2,"6":2},"f":{"0":0},"b":{},"_coverageSchema":"1a1c01bbd47fc00a2c39e90264f33305004495a9","hash":"3c71243327ccf3ffec9ed40f129140b254904e64"}
,"C:\\Users\\shree.maharajan\\Documents\\task management\\controller\\taskController.js": {"path":"C:\\Users\\shree.maharajan\\Documents\\task management\\controller\\taskController.js","statementMap":{"0":{"start":{"line":6,"column":2},"end":{"line":61,"column":3}},"1":{"start":{"line":7,"column":4},"end":{"line":58,"column":5}},"2":{"start":{"line":8,"column":25},"end":{"line":8,"column":53}},"3":{"start":{"line":9,"column":27},"end":{"line":9,"column":37}},"4":{"start":{"line":11,"column":8},"end":{"line":11,"column":20}},"5":{"start":{"line":13,"column":22},"end":{"line":13,"column":61}},"6":{"start":{"line":14,"column":25},"end":{"line":14,"column":35}},"7":{"start":{"line":15,"column":20},"end":{"line":24,"column":8}},"8":{"start":{"line":25,"column":17},"end":{"line":25,"column":56}},"9":{"start":{"line":26,"column":26},"end":{"line":26,"column":43}},"10":{"start":{"line":27,"column":19},"end":{"line":33,"column":7}},"11":{"start":{"line":34,"column":26},"end":{"line":34,"column":60}},"12":{"start":{"line":35,"column":20},"end":{"line":45,"column":7}},"13":{"start":{"line":47,"column":6},"end":{"line":54,"column":11}},"14":{"start":{"line":50,"column":10},"end":{"line":50,"column":49}},"15":{"start":{"line":53,"column":10},"end":{"line":53,"column":29}},"16":{"start":{"line":55,"column":6},"end":{"line":55,"column":56}},"17":{"start":{"line":57,"column":6},"end":{"line":57,"column":60}},"18":{"start":{"line":60,"column":4},"end":{"line":60,"column":52}},"19":{"start":{"line":86,"column":2},"end":{"line":95,"column":3}},"20":{"start":{"line":87,"column":4},"end":{"line":92,"column":5}},"21":{"start":{"line":88,"column":25},"end":{"line":88,"column":37}},"22":{"start":{"line":89,"column":6},"end":{"line":89,"column":77}},"23":{"start":{"line":91,"column":6},"end":{"line":91,"column":63}},"24":{"start":{"line":94,"column":4},"end":{"line":94,"column":43}},"25":{"start":{"line":99,"column":2},"end":{"line":131,"column":3}},"26":{"start":{"line":100,"column":35},"end":{"line":100,"column":47}},"27":{"start":{"line":101,"column":28},"end":{"line":112,"column":5}},"28":{"start":{"line":114,"column":28},"end":{"line":114,"column":56}},"29":{"start":{"line":116,"column":4},"end":{"line":122,"column":5}},"30":{"start":{"line":117,"column":6},"end":{"line":121,"column":9}},"31":{"start":{"line":123,"column":22},"end":{"line":127,"column":5}},"32":{"start":{"line":128,"column":4},"end":{"line":128,"column":80}},"33":{"start":{"line":130,"column":4},"end":{"line":130,"column":43}},"34":{"start":{"line":135,"column":2},"end":{"line":151,"column":3}},"35":{"start":{"line":136,"column":18},"end":{"line":136,"column":49}},"36":{"start":{"line":137,"column":4},"end":{"line":137,"column":43}},"37":{"start":{"line":138,"column":4},"end":{"line":145,"column":5}},"38":{"start":{"line":139,"column":6},"end":{"line":141,"column":7}},"39":{"start":{"line":140,"column":8},"end":{"line":140,"column":55}},"40":{"start":{"line":142,"column":6},"end":{"line":142,"column":69}},"41":{"start":{"line":144,"column":6},"end":{"line":144,"column":62}},"42":{"start":{"line":147,"column":4},"end":{"line":147,"column":11}},"43":{"start":{"line":149,"column":4},"end":{"line":149,"column":31}},"44":{"start":{"line":150,"column":4},"end":{"line":150,"column":46}},"45":{"start":{"line":155,"column":2},"end":{"line":187,"column":3}},"46":{"start":{"line":156,"column":60},"end":{"line":156,"column":73}},"47":{"start":{"line":157,"column":13},"end":{"line":157,"column":23}},"48":{"start":{"line":158,"column":21},"end":{"line":158,"column":30}},"49":{"start":{"line":159,"column":22},"end":{"line":159,"column":32}},"50":{"start":{"line":160,"column":17},"end":{"line":160,"column":39}},"51":{"start":{"line":161,"column":22},"end":{"line":161,"column":42}},"52":{"start":{"line":162,"column":24},"end":{"line":162,"column":36}},"53":{"start":{"line":163,"column":4},"end":{"line":183,"column":5}},"54":{"start":{"line":164,"column":30},"end":{"line":171,"column":7}},"55":{"start":{"line":172,"column":6},"end":{"line":172,"column":69}},"56":{"start":{"line":173,"column":11},"end":{"line":183,"column":5}},"57":{"start":{"line":174,"column":30},"end":{"line":181,"column":7}},"58":{"start":{"line":182,"column":6},"end":{"line":182,"column":75}},"59":{"start":{"line":186,"column":4},"end":{"line":186,"column":52}}},"fnMap":{"0":{"name":"postTask","decl":{"start":{"line":5,"column":15},"end":{"line":5,"column":23}},"loc":{"start":{"line":5,"column":43},"end":{"line":62,"column":1}},"line":5},"1":{"name":"(anonymous_1)","decl":{"start":{"line":49,"column":14},"end":{"line":49,"column":15}},"loc":{"start":{"line":49,"column":20},"end":{"line":51,"column":9}},"line":49},"2":{"name":"(anonymous_2)","decl":{"start":{"line":52,"column":15},"end":{"line":52,"column":16}},"loc":{"start":{"line":52,"column":26},"end":{"line":54,"column":9}},"line":52},"3":{"name":"deleteTask","decl":{"start":{"line":85,"column":15},"end":{"line":85,"column":25}},"loc":{"start":{"line":85,"column":45},"end":{"line":96,"column":1}},"line":85},"4":{"name":"updateTask","decl":{"start":{"line":98,"column":15},"end":{"line":98,"column":25}},"loc":{"start":{"line":98,"column":45},"end":{"line":132,"column":1}},"line":98},"5":{"name":"updateToBacklog","decl":{"start":{"line":134,"column":15},"end":{"line":134,"column":30}},"loc":{"start":{"line":134,"column":50},"end":{"line":152,"column":1}},"line":134},"6":{"name":"getTask","decl":{"start":{"line":154,"column":15},"end":{"line":154,"column":22}},"loc":{"start":{"line":154,"column":42},"end":{"line":188,"column":1}},"line":154}},"branchMap":{"0":{"loc":{"start":{"line":7,"column":4},"end":{"line":58,"column":5}},"type":"if","locations":[{"start":{"line":7,"column":4},"end":{"line":58,"column":5}},{"start":{"line":56,"column":11},"end":{"line":58,"column":5}}],"line":7},"1":{"loc":{"start":{"line":87,"column":4},"end":{"line":92,"column":5}},"type":"if","locations":[{"start":{"line":87,"column":4},"end":{"line":92,"column":5}},{"start":{"line":90,"column":11},"end":{"line":92,"column":5}}],"line":87},"2":{"loc":{"start":{"line":116,"column":4},"end":{"line":122,"column":5}},"type":"if","locations":[{"start":{"line":116,"column":4},"end":{"line":122,"column":5}},{"start":{},"end":{}}],"line":116},"3":{"loc":{"start":{"line":128,"column":30},"end":{"line":128,"column":78}},"type":"cond-expr","locations":[{"start":{"line":128,"column":42},"end":{"line":128,"column":51}},{"start":{"line":128,"column":54},"end":{"line":128,"column":78}}],"line":128},"4":{"loc":{"start":{"line":137,"column":16},"end":{"line":137,"column":41}},"type":"binary-expr","locations":[{"start":{"line":137,"column":16},"end":{"line":137,"column":21}},{"start":{"line":137,"column":25},"end":{"line":137,"column":41}}],"line":137},"5":{"loc":{"start":{"line":138,"column":4},"end":{"line":145,"column":5}},"type":"if","locations":[{"start":{"line":138,"column":4},"end":{"line":145,"column":5}},{"start":{"line":143,"column":11},"end":{"line":145,"column":5}}],"line":138},"6":{"loc":{"start":{"line":158,"column":21},"end":{"line":158,"column":30}},"type":"binary-expr","locations":[{"start":{"line":158,"column":21},"end":{"line":158,"column":25}},{"start":{"line":158,"column":29},"end":{"line":158,"column":30}}],"line":158},"7":{"loc":{"start":{"line":159,"column":22},"end":{"line":159,"column":32}},"type":"binary-expr","locations":[{"start":{"line":159,"column":22},"end":{"line":159,"column":27}},{"start":{"line":159,"column":31},"end":{"line":159,"column":32}}],"line":159},"8":{"loc":{"start":{"line":161,"column":22},"end":{"line":161,"column":42}},"type":"binary-expr","locations":[{"start":{"line":161,"column":22},"end":{"line":161,"column":27}},{"start":{"line":161,"column":31},"end":{"line":161,"column":42}}],"line":161},"9":{"loc":{"start":{"line":162,"column":24},"end":{"line":162,"column":36}},"type":"binary-expr","locations":[{"start":{"line":162,"column":24},"end":{"line":162,"column":31}},{"start":{"line":162,"column":35},"end":{"line":162,"column":36}}],"line":162},"10":{"loc":{"start":{"line":163,"column":4},"end":{"line":183,"column":5}},"type":"if","locations":[{"start":{"line":163,"column":4},"end":{"line":183,"column":5}},{"start":{"line":173,"column":11},"end":{"line":183,"column":5}}],"line":163},"11":{"loc":{"start":{"line":173,"column":11},"end":{"line":183,"column":5}},"type":"if","locations":[{"start":{"line":173,"column":11},"end":{"line":183,"column":5}},{"start":{},"end":{}}],"line":173}},"s":{"0":3,"1":3,"2":2,"3":2,"4":2,"5":2,"6":2,"7":2,"8":1,"9":1,"10":1,"11":1,"12":1,"13":1,"14":1,"15":0,"16":1,"17":1,"18":1,"19":3,"20":3,"21":2,"22":2,"23":1,"24":1,"25":3,"26":3,"27":3,"28":3,"29":3,"30":1,"31":2,"32":1,"33":1,"34":3,"35":3,"36":2,"37":2,"38":1,"39":2,"40":1,"41":1,"42":2,"43":1,"44":1,"45":3,"46":3,"47":3,"48":3,"49":3,"50":3,"51":3,"52":3,"53":3,"54":1,"55":1,"56":2,"57":2,"58":1,"59":1},"f":{"0":3,"1":1,"2":0,"3":3,"4":3,"5":3,"6":3},"b":{"0":[2,1],"1":[2,1],"2":[1,2],"3":[0,1],"4":[2,2],"5":[1,1],"6":[3,3],"7":[3,3],"8":[3,3],"9":[3,3],"10":[1,2],"11":[2,0]},"_coverageSchema":"1a1c01bbd47fc00a2c39e90264f33305004495a9","hash":"45ef6418781407e69fae3ad7e0298208cab3b8d2"}
,"C:\\Users\\shree.maharajan\\Documents\\task management\\controller\\userController.js": {"path":"C:\\Users\\shree.maharajan\\Documents\\task management\\controller\\userController.js","statementMap":{"0":{"start":{"line":7,"column":22},"end":{"line":7,"column":24}},"1":{"start":{"line":8,"column":15},"end":{"line":8,"column":48}},"2":{"start":{"line":9,"column":25},"end":{"line":9,"column":58}},"3":{"start":{"line":10,"column":2},"end":{"line":10,"column":24}},"4":{"start":{"line":14,"column":48},"end":{"line":14,"column":60}},"5":{"start":{"line":15,"column":2},"end":{"line":45,"column":3}},"6":{"start":{"line":16,"column":4},"end":{"line":40,"column":5}},"7":{"start":{"line":17,"column":6},"end":{"line":20,"column":9}},"8":{"start":{"line":23,"column":29},"end":{"line":23,"column":60}},"9":{"start":{"line":24,"column":19},"end":{"line":29,"column":7}},"10":{"start":{"line":30,"column":6},"end":{"line":39,"column":7}},"11":{"start":{"line":31,"column":27},"end":{"line":35,"column":9}},"12":{"start":{"line":36,"column":8},"end":{"line":36,"column":67}},"13":{"start":{"line":38,"column":8},"end":{"line":38,"column":60}},"14":{"start":{"line":42,"column":4},"end":{"line":44,"column":66}},"15":{"start":{"line":49,"column":2},"end":{"line":69,"column":3}},"16":{"start":{"line":50,"column":35},"end":{"line":50,"column":47}},"17":{"start":{"line":51,"column":23},"end":{"line":51,"column":64}},"18":{"start":{"line":52,"column":26},"end":{"line":52,"column":56}},"19":{"start":{"line":54,"column":4},"end":{"line":66,"column":5}},"20":{"start":{"line":55,"column":6},"end":{"line":55,"column":63}},"21":{"start":{"line":57,"column":31},"end":{"line":57,"column":50}},"22":{"start":{"line":58,"column":30},"end":{"line":58,"column":78}},"23":{"start":{"line":59,"column":6},"end":{"line":65,"column":7}},"24":{"start":{"line":60,"column":22},"end":{"line":60,"column":47}},"25":{"start":{"line":61,"column":8},"end":{"line":61,"column":60}},"26":{"start":{"line":62,"column":8},"end":{"line":62,"column":70}},"27":{"start":{"line":64,"column":8},"end":{"line":64,"column":66}},"28":{"start":{"line":68,"column":4},"end":{"line":68,"column":54}},"29":{"start":{"line":73,"column":27},"end":{"line":73,"column":56}},"30":{"start":{"line":74,"column":2},"end":{"line":81,"column":4}},"31":{"start":{"line":85,"column":2},"end":{"line":91,"column":3}},"32":{"start":{"line":86,"column":18},"end":{"line":86,"column":48}},"33":{"start":{"line":87,"column":4},"end":{"line":87,"column":41}},"34":{"start":{"line":88,"column":4},"end":{"line":88,"column":60}},"35":{"start":{"line":90,"column":4},"end":{"line":90,"column":63}},"36":{"start":{"line":95,"column":2},"end":{"line":105,"column":3}},"37":{"start":{"line":96,"column":31},"end":{"line":96,"column":43}},"38":{"start":{"line":97,"column":4},"end":{"line":102,"column":5}},"39":{"start":{"line":98,"column":6},"end":{"line":98,"column":58}},"40":{"start":{"line":99,"column":6},"end":{"line":99,"column":65}},"41":{"start":{"line":101,"column":6},"end":{"line":101,"column":62}},"42":{"start":{"line":104,"column":4},"end":{"line":104,"column":52}},"43":{"start":{"line":109,"column":2},"end":{"line":117,"column":3}},"44":{"start":{"line":110,"column":4},"end":{"line":114,"column":5}},"45":{"start":{"line":111,"column":6},"end":{"line":111,"column":71}},"46":{"start":{"line":113,"column":6},"end":{"line":113,"column":63}},"47":{"start":{"line":116,"column":4},"end":{"line":116,"column":43}}},"fnMap":{"0":{"name":"genHashPassword","decl":{"start":{"line":6,"column":15},"end":{"line":6,"column":30}},"loc":{"start":{"line":6,"column":41},"end":{"line":11,"column":1}},"line":6},"1":{"name":"signup","decl":{"start":{"line":13,"column":15},"end":{"line":13,"column":21}},"loc":{"start":{"line":13,"column":41},"end":{"line":46,"column":1}},"line":13},"2":{"name":"login","decl":{"start":{"line":48,"column":22},"end":{"line":48,"column":27}},"loc":{"start":{"line":48,"column":47},"end":{"line":70,"column":1}},"line":48},"3":{"name":"generateToken","decl":{"start":{"line":72,"column":9},"end":{"line":72,"column":22}},"loc":{"start":{"line":72,"column":35},"end":{"line":82,"column":1}},"line":72},"4":{"name":"logout","decl":{"start":{"line":84,"column":15},"end":{"line":84,"column":21}},"loc":{"start":{"line":84,"column":41},"end":{"line":92,"column":1}},"line":84},"5":{"name":"updateRole","decl":{"start":{"line":94,"column":15},"end":{"line":94,"column":25}},"loc":{"start":{"line":94,"column":45},"end":{"line":106,"column":1}},"line":94},"6":{"name":"getUser","decl":{"start":{"line":108,"column":15},"end":{"line":108,"column":22}},"loc":{"start":{"line":108,"column":42},"end":{"line":118,"column":1}},"line":108}},"branchMap":{"0":{"loc":{"start":{"line":16,"column":4},"end":{"line":40,"column":5}},"type":"if","locations":[{"start":{"line":16,"column":4},"end":{"line":40,"column":5}},{"start":{"line":22,"column":11},"end":{"line":40,"column":5}}],"line":16},"1":{"loc":{"start":{"line":30,"column":6},"end":{"line":39,"column":7}},"type":"if","locations":[{"start":{"line":30,"column":6},"end":{"line":39,"column":7}},{"start":{"line":37,"column":13},"end":{"line":39,"column":7}}],"line":30},"2":{"loc":{"start":{"line":30,"column":10},"end":{"line":30,"column":42}},"type":"binary-expr","locations":[{"start":{"line":30,"column":10},"end":{"line":30,"column":24}},{"start":{"line":30,"column":28},"end":{"line":30,"column":42}}],"line":30},"3":{"loc":{"start":{"line":54,"column":4},"end":{"line":66,"column":5}},"type":"if","locations":[{"start":{"line":54,"column":4},"end":{"line":66,"column":5}},{"start":{"line":56,"column":11},"end":{"line":66,"column":5}}],"line":54},"4":{"loc":{"start":{"line":59,"column":6},"end":{"line":65,"column":7}},"type":"if","locations":[{"start":{"line":59,"column":6},"end":{"line":65,"column":7}},{"start":{"line":63,"column":13},"end":{"line":65,"column":7}}],"line":59},"5":{"loc":{"start":{"line":97,"column":4},"end":{"line":102,"column":5}},"type":"if","locations":[{"start":{"line":97,"column":4},"end":{"line":102,"column":5}},{"start":{"line":100,"column":11},"end":{"line":102,"column":5}}],"line":97},"6":{"loc":{"start":{"line":110,"column":4},"end":{"line":114,"column":5}},"type":"if","locations":[{"start":{"line":110,"column":4},"end":{"line":114,"column":5}},{"start":{"line":112,"column":11},"end":{"line":114,"column":5}}],"line":110}},"s":{"0":3,"1":3,"2":3,"3":3,"4":4,"5":4,"6":4,"7":1,"8":3,"9":3,"10":2,"11":1,"12":1,"13":1,"14":1,"15":5,"16":5,"17":5,"18":5,"19":5,"20":2,"21":3,"22":3,"23":3,"24":2,"25":2,"26":1,"27":1,"28":1,"29":4,"30":4,"31":2,"32":2,"33":2,"34":1,"35":1,"36":3,"37":3,"38":3,"39":2,"40":1,"41":1,"42":1,"43":3,"44":3,"45":2,"46":1,"47":1},"f":{"0":3,"1":4,"2":5,"3":4,"4":2,"5":3,"6":3},"b":{"0":[1,3],"1":[1,1],"2":[2,2],"3":[2,3],"4":[2,1],"5":[2,1],"6":[2,1]},"_coverageSchema":"1a1c01bbd47fc00a2c39e90264f33305004495a9","hash":"2311c52764372a83c8857ca71a47551ff01d4999"}
,"C:\\Users\\shree.maharajan\\Documents\\task management\\middleware\\auth.js": {"path":"C:\\Users\\shree.maharajan\\Documents\\task management\\middleware\\auth.js","statementMap":{"0":{"start":{"line":4,"column":13},"end":{"line":25,"column":1}},"1":{"start":{"line":5,"column":16},"end":{"line":5,"column":46}},"2":{"start":{"line":6,"column":2},"end":{"line":24,"column":3}},"3":{"start":{"line":7,"column":24},"end":{"line":7,"column":65}},"4":{"start":{"line":8,"column":19},"end":{"line":8,"column":30}},"5":{"start":{"line":9,"column":24},"end":{"line":9,"column":56}},"6":{"start":{"line":10,"column":23},"end":{"line":10,"column":57}},"7":{"start":{"line":11,"column":4},"end":{"line":20,"column":5}},"8":{"start":{"line":15,"column":6},"end":{"line":15,"column":22}},"9":{"start":{"line":16,"column":6},"end":{"line":16,"column":40}},"10":{"start":{"line":17,"column":6},"end":{"line":17,"column":13}},"11":{"start":{"line":19,"column":6},"end":{"line":19,"column":58}},"12":{"start":{"line":22,"column":4},"end":{"line":22,"column":41}},"13":{"start":{"line":23,"column":4},"end":{"line":23,"column":56}}},"fnMap":{"0":{"name":"(anonymous_0)","decl":{"start":{"line":4,"column":13},"end":{"line":4,"column":14}},"loc":{"start":{"line":4,"column":48},"end":{"line":25,"column":1}},"line":4}},"branchMap":{"0":{"loc":{"start":{"line":11,"column":4},"end":{"line":20,"column":5}},"type":"if","locations":[{"start":{"line":11,"column":4},"end":{"line":20,"column":5}},{"start":{"line":18,"column":11},"end":{"line":20,"column":5}}],"line":11},"1":{"loc":{"start":{"line":12,"column":6},"end":{"line":13,"column":32}},"type":"binary-expr","locations":[{"start":{"line":12,"column":6},"end":{"line":12,"column":53}},{"start":{"line":13,"column":6},"end":{"line":13,"column":32}}],"line":12}},"s":{"0":2,"1":19,"2":19,"3":19,"4":19,"5":19,"6":19,"7":19,"8":18,"9":18,"10":18,"11":1,"12":0,"13":0},"f":{"0":19},"b":{"0":[18,1],"1":[19,19]},"_coverageSchema":"1a1c01bbd47fc00a2c39e90264f33305004495a9","hash":"51b6505fad0321891e08d75211a11ccebba6cac3"}
,"C:\\Users\\shree.maharajan\\Documents\\task management\\model\\role.js": {"path":"C:\\Users\\shree.maharajan\\Documents\\task management\\model\\role.js","statementMap":{"0":{"start":{"line":3,"column":19},"end":{"line":9,"column":1}},"1":{"start":{"line":11,"column":13},"end":{"line":11,"column":59}}},"fnMap":{},"branchMap":{},"s":{"0":2,"1":2},"f":{},"b":{},"_coverageSchema":"1a1c01bbd47fc00a2c39e90264f33305004495a9","hash":"0a57f42bc068a04af64884e8719b09362e890e55"}
,"C:\\Users\\shree.maharajan\\Documents\\task management\\model\\session.js": {"path":"C:\\Users\\shree.maharajan\\Documents\\task management\\model\\session.js","statementMap":{"0":{"start":{"line":3,"column":22},"end":{"line":10,"column":1}},"1":{"start":{"line":12,"column":16},"end":{"line":12,"column":71}}},"fnMap":{},"branchMap":{},"s":{"0":2,"1":2},"f":{},"b":{},"_coverageSchema":"1a1c01bbd47fc00a2c39e90264f33305004495a9","hash":"f8df72c72040228525668923106db87e728a3cbb"}
,"C:\\Users\\shree.maharajan\\Documents\\task management\\model\\tasks.js": {"path":"C:\\Users\\shree.maharajan\\Documents\\task management\\model\\tasks.js","statementMap":{"0":{"start":{"line":3,"column":19},"end":{"line":24,"column":1}},"1":{"start":{"line":26,"column":13},"end":{"line":26,"column":59}}},"fnMap":{},"branchMap":{},"s":{"0":2,"1":2},"f":{},"b":{},"_coverageSchema":"1a1c01bbd47fc00a2c39e90264f33305004495a9","hash":"40ae51a1709655e4766ea20fae7c41a4a182e87e"}
,"C:\\Users\\shree.maharajan\\Documents\\task management\\model\\user.js": {"path":"C:\\Users\\shree.maharajan\\Documents\\task management\\model\\user.js","statementMap":{"0":{"start":{"line":3,"column":20},"end":{"line":3,"column":29}},"1":{"start":{"line":5,"column":19},"end":{"line":18,"column":1}},"2":{"start":{"line":20,"column":13},"end":{"line":20,"column":51}}},"fnMap":{},"branchMap":{},"s":{"0":2,"1":2,"2":2},"f":{},"b":{},"_coverageSchema":"1a1c01bbd47fc00a2c39e90264f33305004495a9","hash":"25cbb9b6d262b7ed4c4a44f6e2df3c5e732fe109"}
,"C:\\Users\\shree.maharajan\\Documents\\task management\\router\\taskRouter.js": {"path":"C:\\Users\\shree.maharajan\\Documents\\task management\\router\\taskRouter.js","statementMap":{"0":{"start":{"line":5,"column":15},"end":{"line":5,"column":31}},"1":{"start":{"line":7,"column":0},"end":{"line":12,"column":40}}},"fnMap":{},"branchMap":{},"s":{"0":2,"1":2},"f":{},"b":{},"_coverageSchema":"1a1c01bbd47fc00a2c39e90264f33305004495a9","hash":"c2d9b7c1af8a7fbfadab3c46c38a53b2c6eadcbe"}
,"C:\\Users\\shree.maharajan\\Documents\\task management\\router\\userRouter.js": {"path":"C:\\Users\\shree.maharajan\\Documents\\task management\\router\\userRouter.js","statementMap":{"0":{"start":{"line":4,"column":15},"end":{"line":4,"column":31}},"1":{"start":{"line":5,"column":0},"end":{"line":5,"column":52}},"2":{"start":{"line":6,"column":0},"end":{"line":6,"column":52}},"3":{"start":{"line":7,"column":0},"end":{"line":7,"column":50}},"4":{"start":{"line":8,"column":0},"end":{"line":8,"column":51}},"5":{"start":{"line":9,"column":0},"end":{"line":9,"column":65}}},"fnMap":{},"branchMap":{},"s":{"0":2,"1":2,"2":2,"3":2,"4":2,"5":2},"f":{},"b":{},"_coverageSchema":"1a1c01bbd47fc00a2c39e90264f33305004495a9","hash":"b8b45754422f3e7ebbae014809e826000a1e2cd6"}
,"C:\\Users\\shree.maharajan\\Documents\\task management\\service\\taskService.js": {"path":"C:\\Users\\shree.maharajan\\Documents\\task management\\service\\taskService.js","statementMap":{"0":{"start":{"line":4,"column":2},"end":{"line":10,"column":3}},"1":{"start":{"line":5,"column":19},"end":{"line":5,"column":56}},"2":{"start":{"line":6,"column":4},"end":{"line":6,"column":18}},"3":{"start":{"line":8,"column":4},"end":{"line":8,"column":49}},"4":{"start":{"line":9,"column":4},"end":{"line":9,"column":16}},"5":{"start":{"line":13,"column":2},"end":{"line":23,"column":3}},"6":{"start":{"line":14,"column":19},"end":{"line":18,"column":5}},"7":{"start":{"line":19,"column":4},"end":{"line":19,"column":18}},"8":{"start":{"line":21,"column":4},"end":{"line":21,"column":45}},"9":{"start":{"line":22,"column":4},"end":{"line":22,"column":16}},"10":{"start":{"line":27,"column":2},"end":{"line":31,"column":4}},"11":{"start":{"line":61,"column":23},"end":{"line":61,"column":25}},"12":{"start":{"line":62,"column":2},"end":{"line":62,"column":32}},"13":{"start":{"line":63,"column":14},"end":{"line":63,"column":75}},"14":{"start":{"line":64,"column":16},"end":{"line":64,"column":79}},"15":{"start":{"line":65,"column":16},"end":{"line":65,"column":46}},"16":{"start":{"line":67,"column":2},"end":{"line":67,"column":32}},"17":{"start":{"line":78,"column":23},"end":{"line":78,"column":25}},"18":{"start":{"line":79,"column":2},"end":{"line":79,"column":32}},"19":{"start":{"line":80,"column":14},"end":{"line":80,"column":79}},"20":{"start":{"line":81,"column":16},"end":{"line":81,"column":79}},"21":{"start":{"line":82,"column":16},"end":{"line":82,"column":46}},"22":{"start":{"line":84,"column":2},"end":{"line":84,"column":32}},"23":{"start":{"line":88,"column":16},"end":{"line":88,"column":66}},"24":{"start":{"line":91,"column":16},"end":{"line":91,"column":26}},"25":{"start":{"line":92,"column":20},"end":{"line":96,"column":3}},"26":{"start":{"line":98,"column":32},"end":{"line":109,"column":4}},"27":{"start":{"line":99,"column":25},"end":{"line":99,"column":48}},"28":{"start":{"line":100,"column":36},"end":{"line":104,"column":5}},"29":{"start":{"line":108,"column":4},"end":{"line":108,"column":69}},"30":{"start":{"line":110,"column":2},"end":{"line":110,"column":31}}},"fnMap":{"0":{"name":"deleteTaskService","decl":{"start":{"line":3,"column":15},"end":{"line":3,"column":32}},"loc":{"start":{"line":3,"column":41},"end":{"line":11,"column":1}},"line":3},"1":{"name":"updateTaskService","decl":{"start":{"line":12,"column":15},"end":{"line":12,"column":32}},"loc":{"start":{"line":12,"column":65},"end":{"line":24,"column":1}},"line":12},"2":{"name":"updateToBacklogService","decl":{"start":{"line":26,"column":15},"end":{"line":26,"column":37}},"loc":{"start":{"line":26,"column":45},"end":{"line":32,"column":1}},"line":26},"3":{"name":"getUserTask","decl":{"start":{"line":53,"column":15},"end":{"line":53,"column":26}},"loc":{"start":{"line":60,"column":2},"end":{"line":68,"column":1}},"line":60},"4":{"name":"getAdminTask","decl":{"start":{"line":70,"column":15},"end":{"line":70,"column":27}},"loc":{"start":{"line":77,"column":2},"end":{"line":85,"column":1}},"line":77},"5":{"name":"checkStatus","decl":{"start":{"line":87,"column":15},"end":{"line":87,"column":26}},"loc":{"start":{"line":87,"column":29},"end":{"line":111,"column":1}},"line":87},"6":{"name":"(anonymous_6)","decl":{"start":{"line":98,"column":45},"end":{"line":98,"column":46}},"loc":{"start":{"line":98,"column":55},"end":{"line":109,"column":3}},"line":98}},"branchMap":{"0":{"loc":{"start":{"line":63,"column":14},"end":{"line":63,"column":75}},"type":"cond-expr","locations":[{"start":{"line":63,"column":28},"end":{"line":63,"column":58}},{"start":{"line":63,"column":61},"end":{"line":63,"column":75}}],"line":63},"1":{"loc":{"start":{"line":80,"column":14},"end":{"line":80,"column":79}},"type":"cond-expr","locations":[{"start":{"line":80,"column":28},"end":{"line":80,"column":60}},{"start":{"line":80,"column":63},"end":{"line":80,"column":79}}],"line":80}},"s":{"0":2,"1":2,"2":1,"3":1,"4":1,"5":2,"6":2,"7":1,"8":1,"9":1,"10":2,"11":2,"12":2,"13":2,"14":2,"15":1,"16":1,"17":1,"18":1,"19":1,"20":1,"21":1,"22":1,"23":3,"24":3,"25":3,"26":3,"27":0,"28":0,"29":0,"30":2},"f":{"0":2,"1":2,"2":2,"3":2,"4":1,"5":3,"6":0},"b":{"0":[2,0],"1":[1,0]},"_coverageSchema":"1a1c01bbd47fc00a2c39e90264f33305004495a9","hash":"f1a6826532edcf89a8b389f44e3eaf935f725bef"}
,"C:\\Users\\shree.maharajan\\Documents\\task management\\service\\userService.js": {"path":"C:\\Users\\shree.maharajan\\Documents\\task management\\service\\userService.js","statementMap":{"0":{"start":{"line":7,"column":2},"end":{"line":7,"column":66}},"1":{"start":{"line":10,"column":2},"end":{"line":15,"column":3}},"2":{"start":{"line":11,"column":17},"end":{"line":11,"column":49}},"3":{"start":{"line":12,"column":4},"end":{"line":12,"column":16}},"4":{"start":{"line":14,"column":4},"end":{"line":14,"column":21}},"5":{"start":{"line":18,"column":2},"end":{"line":18,"column":49}},"6":{"start":{"line":22,"column":2},"end":{"line":22,"column":63}},"7":{"start":{"line":25,"column":2},"end":{"line":25,"column":54}},"8":{"start":{"line":29,"column":2},"end":{"line":29,"column":29}},"9":{"start":{"line":33,"column":2},"end":{"line":33,"column":59}},"10":{"start":{"line":36,"column":2},"end":{"line":36,"column":63}},"11":{"start":{"line":40,"column":15},"end":{"line":40,"column":71}},"12":{"start":{"line":41,"column":19},"end":{"line":41,"column":32}},"13":{"start":{"line":42,"column":16},"end":{"line":42,"column":70}},"14":{"start":{"line":43,"column":17},"end":{"line":43,"column":29}},"15":{"start":{"line":44,"column":20},"end":{"line":44,"column":73}},"16":{"start":{"line":45,"column":16},"end":{"line":45,"column":31}},"17":{"start":{"line":46,"column":21},"end":{"line":49,"column":3}},"18":{"start":{"line":50,"column":19},"end":{"line":50,"column":38}},"19":{"start":{"line":52,"column":2},"end":{"line":52,"column":47}},"20":{"start":{"line":57,"column":2},"end":{"line":57,"column":57}}},"fnMap":{"0":{"name":"insertUserService","decl":{"start":{"line":6,"column":15},"end":{"line":6,"column":32}},"loc":{"start":{"line":6,"column":68},"end":{"line":8,"column":1}},"line":6},"1":{"name":"getUserByName","decl":{"start":{"line":9,"column":15},"end":{"line":9,"column":28}},"loc":{"start":{"line":9,"column":39},"end":{"line":16,"column":1}},"line":9},"2":{"name":"insertToken","decl":{"start":{"line":17,"column":15},"end":{"line":17,"column":26}},"loc":{"start":{"line":17,"column":42},"end":{"line":19,"column":1}},"line":17},"3":{"name":"expiryToken","decl":{"start":{"line":21,"column":15},"end":{"line":21,"column":26}},"loc":{"start":{"line":21,"column":34},"end":{"line":23,"column":1}},"line":21},"4":{"name":"getIdByName","decl":{"start":{"line":24,"column":15},"end":{"line":24,"column":26}},"loc":{"start":{"line":24,"column":37},"end":{"line":26,"column":1}},"line":24},"5":{"name":"getAllUserService","decl":{"start":{"line":28,"column":15},"end":{"line":28,"column":32}},"loc":{"start":{"line":28,"column":35},"end":{"line":30,"column":1}},"line":28},"6":{"name":"updateRoleService","decl":{"start":{"line":32,"column":15},"end":{"line":32,"column":32}},"loc":{"start":{"line":32,"column":49},"end":{"line":34,"column":1}},"line":32},"7":{"name":"findEmail","decl":{"start":{"line":35,"column":15},"end":{"line":35,"column":24}},"loc":{"start":{"line":35,"column":29},"end":{"line":37,"column":1}},"line":35},"8":{"name":"userDetail","decl":{"start":{"line":39,"column":15},"end":{"line":39,"column":25}},"loc":{"start":{"line":39,"column":30},"end":{"line":53,"column":1}},"line":39},"9":{"name":"findToken","decl":{"start":{"line":55,"column":15},"end":{"line":55,"column":24}},"loc":{"start":{"line":55,"column":32},"end":{"line":59,"column":1}},"line":55}},"branchMap":{},"s":{"0":3,"1":5,"2":5,"3":5,"4":0,"5":2,"6":2,"7":2,"8":2,"9":2,"10":1,"11":19,"12":19,"13":19,"14":19,"15":19,"16":19,"17":19,"18":19,"19":19,"20":19},"f":{"0":3,"1":5,"2":2,"3":2,"4":2,"5":2,"6":2,"7":1,"8":19,"9":19},"b":{},"_coverageSchema":"1a1c01bbd47fc00a2c39e90264f33305004495a9","hash":"c0ecc39235f826bd152d2ae677bac036a38b91fd"}
}
