{"C:\\Users\\shree.maharajan\\Documents\\task management\\app.js": {"path":"C:\\Users\\shree.maharajan\\Documents\\task management\\app.js","statementMap":{"0":{"start":{"line":18,"column":12},"end":{"line":18,"column":21}},"1":{"start":{"line":19,"column":0},"end":{"line":19,"column":24}},"2":{"start":{"line":20,"column":0},"end":{"line":20,"column":23}},"3":{"start":{"line":28,"column":28},"end":{"line":30,"column":1}},"4":{"start":{"line":29,"column":2},"end":{"line":29,"column":35}},"5":{"start":{"line":34,"column":0},"end":{"line":34,"column":29}},"6":{"start":{"line":35,"column":0},"end":{"line":35,"column":30}}},"fnMap":{"0":{"name":"(anonymous_0)","decl":{"start":{"line":28,"column":28},"end":{"line":28,"column":29}},"loc":{"start":{"line":28,"column":34},"end":{"line":30,"column":1}},"line":28}},"branchMap":{},"s":{"0":1,"1":1,"2":1,"3":1,"4":0,"5":1,"6":1},"f":{"0":0},"b":{},"_coverageSchema":"1a1c01bbd47fc00a2c39e90264f33305004495a9","hash":"3c71243327ccf3ffec9ed40f129140b254904e64"}
,"C:\\Users\\shree.maharajan\\Documents\\task management\\controller\\taskController.js": {"path":"C:\\Users\\shree.maharajan\\Documents\\task management\\controller\\taskController.js","statementMap":{"0":{"start":{"line":6,"column":2},"end":{"line":60,"column":3}},"1":{"start":{"line":7,"column":4},"end":{"line":57,"column":5}},"2":{"start":{"line":8,"column":25},"end":{"line":8,"column":53}},"3":{"start":{"line":9,"column":27},"end":{"line":9,"column":37}},"4":{"start":{"line":11,"column":8},"end":{"line":11,"column":20}},"5":{"start":{"line":13,"column":22},"end":{"line":13,"column":61}},"6":{"start":{"line":14,"column":25},"end":{"line":14,"column":35}},"7":{"start":{"line":15,"column":20},"end":{"line":24,"column":8}},"8":{"start":{"line":25,"column":17},"end":{"line":25,"column":56}},"9":{"start":{"line":26,"column":26},"end":{"line":26,"column":43}},"10":{"start":{"line":27,"column":19},"end":{"line":33,"column":7}},"11":{"start":{"line":34,"column":26},"end":{"line":34,"column":60}},"12":{"start":{"line":35,"column":20},"end":{"line":45,"column":7}},"13":{"start":{"line":46,"column":6},"end":{"line":53,"column":11}},"14":{"start":{"line":49,"column":10},"end":{"line":49,"column":49}},"15":{"start":{"line":52,"column":10},"end":{"line":52,"column":29}},"16":{"start":{"line":54,"column":6},"end":{"line":54,"column":56}},"17":{"start":{"line":56,"column":6},"end":{"line":56,"column":60}},"18":{"start":{"line":59,"column":4},"end":{"line":59,"column":52}},"19":{"start":{"line":85,"column":2},"end":{"line":94,"column":3}},"20":{"start":{"line":86,"column":4},"end":{"line":91,"column":5}},"21":{"start":{"line":87,"column":25},"end":{"line":87,"column":37}},"22":{"start":{"line":88,"column":6},"end":{"line":88,"column":77}},"23":{"start":{"line":90,"column":6},"end":{"line":90,"column":63}},"24":{"start":{"line":93,"column":4},"end":{"line":93,"column":43}},"25":{"start":{"line":98,"column":2},"end":{"line":130,"column":3}},"26":{"start":{"line":99,"column":35},"end":{"line":99,"column":47}},"27":{"start":{"line":100,"column":28},"end":{"line":111,"column":5}},"28":{"start":{"line":113,"column":28},"end":{"line":113,"column":56}},"29":{"start":{"line":115,"column":4},"end":{"line":121,"column":5}},"30":{"start":{"line":116,"column":6},"end":{"line":120,"column":9}},"31":{"start":{"line":122,"column":22},"end":{"line":126,"column":5}},"32":{"start":{"line":127,"column":4},"end":{"line":127,"column":68}},"33":{"start":{"line":129,"column":4},"end":{"line":129,"column":43}},"34":{"start":{"line":134,"column":2},"end":{"line":147,"column":3}},"35":{"start":{"line":135,"column":4},"end":{"line":135,"column":57}},"36":{"start":{"line":136,"column":18},"end":{"line":136,"column":49}},"37":{"start":{"line":137,"column":4},"end":{"line":141,"column":5}},"38":{"start":{"line":138,"column":6},"end":{"line":140,"column":7}},"39":{"start":{"line":139,"column":8},"end":{"line":139,"column":55}},"40":{"start":{"line":142,"column":4},"end":{"line":142,"column":11}},"41":{"start":{"line":145,"column":4},"end":{"line":145,"column":31}},"42":{"start":{"line":151,"column":2},"end":{"line":183,"column":3}},"43":{"start":{"line":152,"column":60},"end":{"line":152,"column":73}},"44":{"start":{"line":153,"column":13},"end":{"line":153,"column":23}},"45":{"start":{"line":154,"column":21},"end":{"line":154,"column":30}},"46":{"start":{"line":155,"column":22},"end":{"line":155,"column":32}},"47":{"start":{"line":156,"column":17},"end":{"line":156,"column":39}},"48":{"start":{"line":157,"column":22},"end":{"line":157,"column":42}},"49":{"start":{"line":158,"column":24},"end":{"line":158,"column":36}},"50":{"start":{"line":159,"column":4},"end":{"line":179,"column":5}},"51":{"start":{"line":160,"column":30},"end":{"line":167,"column":7}},"52":{"start":{"line":168,"column":6},"end":{"line":168,"column":37}},"53":{"start":{"line":169,"column":11},"end":{"line":179,"column":5}},"54":{"start":{"line":170,"column":30},"end":{"line":177,"column":7}},"55":{"start":{"line":178,"column":6},"end":{"line":178,"column":37}},"56":{"start":{"line":182,"column":4},"end":{"line":182,"column":43}}},"fnMap":{"0":{"name":"postTask","decl":{"start":{"line":5,"column":15},"end":{"line":5,"column":23}},"loc":{"start":{"line":5,"column":43},"end":{"line":61,"column":1}},"line":5},"1":{"name":"(anonymous_1)","decl":{"start":{"line":48,"column":14},"end":{"line":48,"column":15}},"loc":{"start":{"line":48,"column":20},"end":{"line":50,"column":9}},"line":48},"2":{"name":"(anonymous_2)","decl":{"start":{"line":51,"column":15},"end":{"line":51,"column":16}},"loc":{"start":{"line":51,"column":26},"end":{"line":53,"column":9}},"line":51},"3":{"name":"deleteTask","decl":{"start":{"line":84,"column":15},"end":{"line":84,"column":25}},"loc":{"start":{"line":84,"column":45},"end":{"line":95,"column":1}},"line":84},"4":{"name":"updateTask","decl":{"start":{"line":97,"column":15},"end":{"line":97,"column":25}},"loc":{"start":{"line":97,"column":45},"end":{"line":131,"column":1}},"line":97},"5":{"name":"updateToBacklog","decl":{"start":{"line":133,"column":15},"end":{"line":133,"column":30}},"loc":{"start":{"line":133,"column":33},"end":{"line":148,"column":1}},"line":133},"6":{"name":"getTask","decl":{"start":{"line":150,"column":15},"end":{"line":150,"column":22}},"loc":{"start":{"line":150,"column":42},"end":{"line":184,"column":1}},"line":150}},"branchMap":{"0":{"loc":{"start":{"line":7,"column":4},"end":{"line":57,"column":5}},"type":"if","locations":[{"start":{"line":7,"column":4},"end":{"line":57,"column":5}},{"start":{"line":55,"column":11},"end":{"line":57,"column":5}}],"line":7},"1":{"loc":{"start":{"line":86,"column":4},"end":{"line":91,"column":5}},"type":"if","locations":[{"start":{"line":86,"column":4},"end":{"line":91,"column":5}},{"start":{"line":89,"column":11},"end":{"line":91,"column":5}}],"line":86},"2":{"loc":{"start":{"line":115,"column":4},"end":{"line":121,"column":5}},"type":"if","locations":[{"start":{"line":115,"column":4},"end":{"line":121,"column":5}},{"start":{},"end":{}}],"line":115},"3":{"loc":{"start":{"line":127,"column":18},"end":{"line":127,"column":66}},"type":"cond-expr","locations":[{"start":{"line":127,"column":30},"end":{"line":127,"column":39}},{"start":{"line":127,"column":42},"end":{"line":127,"column":66}}],"line":127},"4":{"loc":{"start":{"line":137,"column":4},"end":{"line":141,"column":5}},"type":"if","locations":[{"start":{"line":137,"column":4},"end":{"line":141,"column":5}},{"start":{},"end":{}}],"line":137},"5":{"loc":{"start":{"line":154,"column":21},"end":{"line":154,"column":30}},"type":"binary-expr","locations":[{"start":{"line":154,"column":21},"end":{"line":154,"column":25}},{"start":{"line":154,"column":29},"end":{"line":154,"column":30}}],"line":154},"6":{"loc":{"start":{"line":155,"column":22},"end":{"line":155,"column":32}},"type":"binary-expr","locations":[{"start":{"line":155,"column":22},"end":{"line":155,"column":27}},{"start":{"line":155,"column":31},"end":{"line":155,"column":32}}],"line":155},"7":{"loc":{"start":{"line":157,"column":22},"end":{"line":157,"column":42}},"type":"binary-expr","locations":[{"start":{"line":157,"column":22},"end":{"line":157,"column":27}},{"start":{"line":157,"column":31},"end":{"line":157,"column":42}}],"line":157},"8":{"loc":{"start":{"line":158,"column":24},"end":{"line":158,"column":36}},"type":"binary-expr","locations":[{"start":{"line":158,"column":24},"end":{"line":158,"column":31}},{"start":{"line":158,"column":35},"end":{"line":158,"column":36}}],"line":158},"9":{"loc":{"start":{"line":159,"column":4},"end":{"line":179,"column":5}},"type":"if","locations":[{"start":{"line":159,"column":4},"end":{"line":179,"column":5}},{"start":{"line":169,"column":11},"end":{"line":179,"column":5}}],"line":159},"10":{"loc":{"start":{"line":169,"column":11},"end":{"line":179,"column":5}},"type":"if","locations":[{"start":{"line":169,"column":11},"end":{"line":179,"column":5}},{"start":{},"end":{}}],"line":169}},"s":{"0":0,"1":0,"2":0,"3":0,"4":0,"5":0,"6":0,"7":0,"8":0,"9":0,"10":0,"11":0,"12":0,"13":0,"14":0,"15":0,"16":0,"17":0,"18":0,"19":0,"20":0,"21":0,"22":0,"23":0,"24":0,"25":0,"26":0,"27":0,"28":0,"29":0,"30":0,"31":0,"32":0,"33":0,"34":0,"35":0,"36":0,"37":0,"38":0,"39":0,"40":0,"41":0,"42":0,"43":0,"44":0,"45":0,"46":0,"47":0,"48":0,"49":0,"50":0,"51":0,"52":0,"53":0,"54":0,"55":0,"56":0},"f":{"0":0,"1":0,"2":0,"3":0,"4":0,"5":0,"6":0},"b":{"0":[0,0],"1":[0,0],"2":[0,0],"3":[0,0],"4":[0,0],"5":[0,0],"6":[0,0],"7":[0,0],"8":[0,0],"9":[0,0],"10":[0,0]},"_coverageSchema":"1a1c01bbd47fc00a2c39e90264f33305004495a9","hash":"2c3ef2a7396fbc9197cae957057684313c38a183"}
,"C:\\Users\\shree.maharajan\\Documents\\task management\\controller\\userController.js": {"path":"C:\\Users\\shree.maharajan\\Documents\\task management\\controller\\userController.js","statementMap":{"0":{"start":{"line":7,"column":22},"end":{"line":7,"column":24}},"1":{"start":{"line":8,"column":15},"end":{"line":8,"column":48}},"2":{"start":{"line":9,"column":25},"end":{"line":9,"column":58}},"3":{"start":{"line":10,"column":2},"end":{"line":10,"column":24}},"4":{"start":{"line":14,"column":48},"end":{"line":14,"column":60}},"5":{"start":{"line":15,"column":2},"end":{"line":45,"column":3}},"6":{"start":{"line":16,"column":4},"end":{"line":40,"column":5}},"7":{"start":{"line":17,"column":6},"end":{"line":20,"column":9}},"8":{"start":{"line":23,"column":29},"end":{"line":23,"column":60}},"9":{"start":{"line":24,"column":19},"end":{"line":29,"column":7}},"10":{"start":{"line":30,"column":6},"end":{"line":39,"column":7}},"11":{"start":{"line":31,"column":27},"end":{"line":35,"column":9}},"12":{"start":{"line":36,"column":8},"end":{"line":36,"column":67}},"13":{"start":{"line":38,"column":8},"end":{"line":38,"column":60}},"14":{"start":{"line":42,"column":4},"end":{"line":44,"column":66}},"15":{"start":{"line":49,"column":2},"end":{"line":69,"column":3}},"16":{"start":{"line":50,"column":35},"end":{"line":50,"column":47}},"17":{"start":{"line":51,"column":23},"end":{"line":51,"column":64}},"18":{"start":{"line":52,"column":26},"end":{"line":52,"column":56}},"19":{"start":{"line":54,"column":4},"end":{"line":66,"column":5}},"20":{"start":{"line":55,"column":6},"end":{"line":55,"column":63}},"21":{"start":{"line":57,"column":31},"end":{"line":57,"column":50}},"22":{"start":{"line":58,"column":30},"end":{"line":58,"column":78}},"23":{"start":{"line":59,"column":6},"end":{"line":65,"column":7}},"24":{"start":{"line":60,"column":22},"end":{"line":60,"column":47}},"25":{"start":{"line":61,"column":8},"end":{"line":61,"column":60}},"26":{"start":{"line":62,"column":8},"end":{"line":62,"column":70}},"27":{"start":{"line":64,"column":8},"end":{"line":64,"column":66}},"28":{"start":{"line":68,"column":4},"end":{"line":68,"column":54}},"29":{"start":{"line":73,"column":27},"end":{"line":73,"column":56}},"30":{"start":{"line":74,"column":2},"end":{"line":81,"column":4}},"31":{"start":{"line":85,"column":2},"end":{"line":91,"column":3}},"32":{"start":{"line":86,"column":18},"end":{"line":86,"column":48}},"33":{"start":{"line":87,"column":4},"end":{"line":87,"column":41}},"34":{"start":{"line":88,"column":4},"end":{"line":88,"column":60}},"35":{"start":{"line":90,"column":4},"end":{"line":90,"column":63}},"36":{"start":{"line":95,"column":2},"end":{"line":105,"column":3}},"37":{"start":{"line":96,"column":31},"end":{"line":96,"column":43}},"38":{"start":{"line":97,"column":4},"end":{"line":102,"column":5}},"39":{"start":{"line":98,"column":6},"end":{"line":98,"column":58}},"40":{"start":{"line":99,"column":6},"end":{"line":99,"column":65}},"41":{"start":{"line":101,"column":6},"end":{"line":101,"column":62}},"42":{"start":{"line":104,"column":4},"end":{"line":104,"column":52}},"43":{"start":{"line":109,"column":2},"end":{"line":117,"column":3}},"44":{"start":{"line":110,"column":4},"end":{"line":114,"column":5}},"45":{"start":{"line":111,"column":6},"end":{"line":111,"column":71}},"46":{"start":{"line":113,"column":6},"end":{"line":113,"column":63}},"47":{"start":{"line":116,"column":4},"end":{"line":116,"column":43}}},"fnMap":{"0":{"name":"genHashPassword","decl":{"start":{"line":6,"column":15},"end":{"line":6,"column":30}},"loc":{"start":{"line":6,"column":41},"end":{"line":11,"column":1}},"line":6},"1":{"name":"signup","decl":{"start":{"line":13,"column":15},"end":{"line":13,"column":21}},"loc":{"start":{"line":13,"column":41},"end":{"line":46,"column":1}},"line":13},"2":{"name":"login","decl":{"start":{"line":48,"column":22},"end":{"line":48,"column":27}},"loc":{"start":{"line":48,"column":47},"end":{"line":70,"column":1}},"line":48},"3":{"name":"generateToken","decl":{"start":{"line":72,"column":9},"end":{"line":72,"column":22}},"loc":{"start":{"line":72,"column":35},"end":{"line":82,"column":1}},"line":72},"4":{"name":"logout","decl":{"start":{"line":84,"column":15},"end":{"line":84,"column":21}},"loc":{"start":{"line":84,"column":41},"end":{"line":92,"column":1}},"line":84},"5":{"name":"updateRole","decl":{"start":{"line":94,"column":15},"end":{"line":94,"column":25}},"loc":{"start":{"line":94,"column":45},"end":{"line":106,"column":1}},"line":94},"6":{"name":"getUser","decl":{"start":{"line":108,"column":15},"end":{"line":108,"column":22}},"loc":{"start":{"line":108,"column":42},"end":{"line":118,"column":1}},"line":108}},"branchMap":{"0":{"loc":{"start":{"line":16,"column":4},"end":{"line":40,"column":5}},"type":"if","locations":[{"start":{"line":16,"column":4},"end":{"line":40,"column":5}},{"start":{"line":22,"column":11},"end":{"line":40,"column":5}}],"line":16},"1":{"loc":{"start":{"line":30,"column":6},"end":{"line":39,"column":7}},"type":"if","locations":[{"start":{"line":30,"column":6},"end":{"line":39,"column":7}},{"start":{"line":37,"column":13},"end":{"line":39,"column":7}}],"line":30},"2":{"loc":{"start":{"line":30,"column":10},"end":{"line":30,"column":42}},"type":"binary-expr","locations":[{"start":{"line":30,"column":10},"end":{"line":30,"column":24}},{"start":{"line":30,"column":28},"end":{"line":30,"column":42}}],"line":30},"3":{"loc":{"start":{"line":54,"column":4},"end":{"line":66,"column":5}},"type":"if","locations":[{"start":{"line":54,"column":4},"end":{"line":66,"column":5}},{"start":{"line":56,"column":11},"end":{"line":66,"column":5}}],"line":54},"4":{"loc":{"start":{"line":59,"column":6},"end":{"line":65,"column":7}},"type":"if","locations":[{"start":{"line":59,"column":6},"end":{"line":65,"column":7}},{"start":{"line":63,"column":13},"end":{"line":65,"column":7}}],"line":59},"5":{"loc":{"start":{"line":97,"column":4},"end":{"line":102,"column":5}},"type":"if","locations":[{"start":{"line":97,"column":4},"end":{"line":102,"column":5}},{"start":{"line":100,"column":11},"end":{"line":102,"column":5}}],"line":97},"6":{"loc":{"start":{"line":110,"column":4},"end":{"line":114,"column":5}},"type":"if","locations":[{"start":{"line":110,"column":4},"end":{"line":114,"column":5}},{"start":{"line":112,"column":11},"end":{"line":114,"column":5}}],"line":110}},"s":{"0":3,"1":3,"2":3,"3":3,"4":4,"5":4,"6":4,"7":1,"8":3,"9":3,"10":2,"11":1,"12":1,"13":1,"14":1,"15":5,"16":5,"17":5,"18":5,"19":5,"20":2,"21":3,"22":3,"23":3,"24":2,"25":2,"26":1,"27":1,"28":1,"29":3,"30":3,"31":2,"32":2,"33":2,"34":1,"35":1,"36":3,"37":3,"38":3,"39":2,"40":1,"41":1,"42":1,"43":3,"44":3,"45":2,"46":1,"47":1},"f":{"0":3,"1":4,"2":5,"3":3,"4":2,"5":3,"6":3},"b":{"0":[1,3],"1":[1,1],"2":[2,2],"3":[2,3],"4":[2,1],"5":[2,1],"6":[2,1]},"_coverageSchema":"1a1c01bbd47fc00a2c39e90264f33305004495a9","hash":"2311c52764372a83c8857ca71a47551ff01d4999"}
,"C:\\Users\\shree.maharajan\\Documents\\task management\\middleware\\auth.js": {"path":"C:\\Users\\shree.maharajan\\Documents\\task management\\middleware\\auth.js","statementMap":{"0":{"start":{"line":4,"column":13},"end":{"line":25,"column":1}},"1":{"start":{"line":5,"column":16},"end":{"line":5,"column":46}},"2":{"start":{"line":6,"column":2},"end":{"line":24,"column":3}},"3":{"start":{"line":7,"column":24},"end":{"line":7,"column":65}},"4":{"start":{"line":8,"column":19},"end":{"line":8,"column":30}},"5":{"start":{"line":9,"column":24},"end":{"line":9,"column":56}},"6":{"start":{"line":10,"column":23},"end":{"line":10,"column":57}},"7":{"start":{"line":11,"column":4},"end":{"line":20,"column":5}},"8":{"start":{"line":15,"column":6},"end":{"line":15,"column":22}},"9":{"start":{"line":16,"column":6},"end":{"line":16,"column":40}},"10":{"start":{"line":17,"column":6},"end":{"line":17,"column":13}},"11":{"start":{"line":19,"column":6},"end":{"line":19,"column":29}},"12":{"start":{"line":22,"column":4},"end":{"line":22,"column":41}},"13":{"start":{"line":23,"column":4},"end":{"line":23,"column":56}}},"fnMap":{"0":{"name":"(anonymous_0)","decl":{"start":{"line":4,"column":13},"end":{"line":4,"column":14}},"loc":{"start":{"line":4,"column":48},"end":{"line":25,"column":1}},"line":4}},"branchMap":{"0":{"loc":{"start":{"line":11,"column":4},"end":{"line":20,"column":5}},"type":"if","locations":[{"start":{"line":11,"column":4},"end":{"line":20,"column":5}},{"start":{"line":18,"column":11},"end":{"line":20,"column":5}}],"line":11},"1":{"loc":{"start":{"line":12,"column":6},"end":{"line":13,"column":32}},"type":"binary-expr","locations":[{"start":{"line":12,"column":6},"end":{"line":12,"column":53}},{"start":{"line":13,"column":6},"end":{"line":13,"column":32}}],"line":12}},"s":{"0":1,"1":6,"2":6,"3":6,"4":6,"5":6,"6":6,"7":6,"8":6,"9":6,"10":6,"11":0,"12":0,"13":0},"f":{"0":6},"b":{"0":[6,0],"1":[6,6]},"_coverageSchema":"1a1c01bbd47fc00a2c39e90264f33305004495a9","hash":"5a7e0d7e4c2c981bbb10c6e7bc5addb461f057cb"}
,"C:\\Users\\shree.maharajan\\Documents\\task management\\model\\role.js": {"path":"C:\\Users\\shree.maharajan\\Documents\\task management\\model\\role.js","statementMap":{"0":{"start":{"line":3,"column":19},"end":{"line":9,"column":1}},"1":{"start":{"line":11,"column":13},"end":{"line":11,"column":59}}},"fnMap":{},"branchMap":{},"s":{"0":1,"1":1},"f":{},"b":{},"_coverageSchema":"1a1c01bbd47fc00a2c39e90264f33305004495a9","hash":"0a57f42bc068a04af64884e8719b09362e890e55"}
,"C:\\Users\\shree.maharajan\\Documents\\task management\\model\\session.js": {"path":"C:\\Users\\shree.maharajan\\Documents\\task management\\model\\session.js","statementMap":{"0":{"start":{"line":3,"column":22},"end":{"line":10,"column":1}},"1":{"start":{"line":12,"column":16},"end":{"line":12,"column":71}}},"fnMap":{},"branchMap":{},"s":{"0":1,"1":1},"f":{},"b":{},"_coverageSchema":"1a1c01bbd47fc00a2c39e90264f33305004495a9","hash":"f8df72c72040228525668923106db87e728a3cbb"}
,"C:\\Users\\shree.maharajan\\Documents\\task management\\model\\tasks.js": {"path":"C:\\Users\\shree.maharajan\\Documents\\task management\\model\\tasks.js","statementMap":{"0":{"start":{"line":3,"column":19},"end":{"line":24,"column":1}},"1":{"start":{"line":26,"column":13},"end":{"line":26,"column":59}}},"fnMap":{},"branchMap":{},"s":{"0":1,"1":1},"f":{},"b":{},"_coverageSchema":"1a1c01bbd47fc00a2c39e90264f33305004495a9","hash":"40ae51a1709655e4766ea20fae7c41a4a182e87e"}
,"C:\\Users\\shree.maharajan\\Documents\\task management\\model\\user.js": {"path":"C:\\Users\\shree.maharajan\\Documents\\task management\\model\\user.js","statementMap":{"0":{"start":{"line":3,"column":20},"end":{"line":3,"column":29}},"1":{"start":{"line":5,"column":19},"end":{"line":18,"column":1}},"2":{"start":{"line":20,"column":13},"end":{"line":20,"column":51}}},"fnMap":{},"branchMap":{},"s":{"0":1,"1":1,"2":1},"f":{},"b":{},"_coverageSchema":"1a1c01bbd47fc00a2c39e90264f33305004495a9","hash":"25cbb9b6d262b7ed4c4a44f6e2df3c5e732fe109"}
,"C:\\Users\\shree.maharajan\\Documents\\task management\\router\\taskRouter.js": {"path":"C:\\Users\\shree.maharajan\\Documents\\task management\\router\\taskRouter.js","statementMap":{"0":{"start":{"line":5,"column":15},"end":{"line":5,"column":31}},"1":{"start":{"line":7,"column":0},"end":{"line":12,"column":40}}},"fnMap":{},"branchMap":{},"s":{"0":1,"1":1},"f":{},"b":{},"_coverageSchema":"1a1c01bbd47fc00a2c39e90264f33305004495a9","hash":"c2d9b7c1af8a7fbfadab3c46c38a53b2c6eadcbe"}
,"C:\\Users\\shree.maharajan\\Documents\\task management\\router\\userRouter.js": {"path":"C:\\Users\\shree.maharajan\\Documents\\task management\\router\\userRouter.js","statementMap":{"0":{"start":{"line":4,"column":15},"end":{"line":4,"column":31}},"1":{"start":{"line":5,"column":0},"end":{"line":5,"column":52}},"2":{"start":{"line":6,"column":0},"end":{"line":6,"column":52}},"3":{"start":{"line":7,"column":0},"end":{"line":7,"column":50}},"4":{"start":{"line":8,"column":0},"end":{"line":8,"column":51}},"5":{"start":{"line":9,"column":0},"end":{"line":9,"column":65}}},"fnMap":{},"branchMap":{},"s":{"0":1,"1":1,"2":1,"3":1,"4":1,"5":1},"f":{},"b":{},"_coverageSchema":"1a1c01bbd47fc00a2c39e90264f33305004495a9","hash":"b8b45754422f3e7ebbae014809e826000a1e2cd6"}
,"C:\\Users\\shree.maharajan\\Documents\\task management\\service\\taskService.js": {"path":"C:\\Users\\shree.maharajan\\Documents\\task management\\service\\taskService.js","statementMap":{"0":{"start":{"line":4,"column":2},"end":{"line":10,"column":3}},"1":{"start":{"line":5,"column":19},"end":{"line":5,"column":56}},"2":{"start":{"line":6,"column":4},"end":{"line":6,"column":18}},"3":{"start":{"line":8,"column":4},"end":{"line":8,"column":49}},"4":{"start":{"line":9,"column":4},"end":{"line":9,"column":16}},"5":{"start":{"line":13,"column":2},"end":{"line":23,"column":3}},"6":{"start":{"line":14,"column":19},"end":{"line":18,"column":5}},"7":{"start":{"line":19,"column":4},"end":{"line":19,"column":18}},"8":{"start":{"line":21,"column":4},"end":{"line":21,"column":45}},"9":{"start":{"line":22,"column":4},"end":{"line":22,"column":16}},"10":{"start":{"line":27,"column":2},"end":{"line":31,"column":4}},"11":{"start":{"line":61,"column":23},"end":{"line":61,"column":25}},"12":{"start":{"line":62,"column":2},"end":{"line":62,"column":32}},"13":{"start":{"line":63,"column":14},"end":{"line":63,"column":75}},"14":{"start":{"line":64,"column":16},"end":{"line":64,"column":79}},"15":{"start":{"line":65,"column":16},"end":{"line":65,"column":46}},"16":{"start":{"line":67,"column":2},"end":{"line":67,"column":32}},"17":{"start":{"line":78,"column":23},"end":{"line":78,"column":25}},"18":{"start":{"line":79,"column":2},"end":{"line":79,"column":32}},"19":{"start":{"line":80,"column":14},"end":{"line":80,"column":79}},"20":{"start":{"line":81,"column":16},"end":{"line":81,"column":79}},"21":{"start":{"line":82,"column":16},"end":{"line":82,"column":46}},"22":{"start":{"line":84,"column":2},"end":{"line":84,"column":32}},"23":{"start":{"line":88,"column":16},"end":{"line":88,"column":66}},"24":{"start":{"line":91,"column":16},"end":{"line":91,"column":26}},"25":{"start":{"line":92,"column":20},"end":{"line":96,"column":3}},"26":{"start":{"line":98,"column":32},"end":{"line":109,"column":4}},"27":{"start":{"line":99,"column":25},"end":{"line":99,"column":48}},"28":{"start":{"line":100,"column":36},"end":{"line":104,"column":5}},"29":{"start":{"line":108,"column":4},"end":{"line":108,"column":69}},"30":{"start":{"line":110,"column":2},"end":{"line":110,"column":31}}},"fnMap":{"0":{"name":"deleteTaskService","decl":{"start":{"line":3,"column":15},"end":{"line":3,"column":32}},"loc":{"start":{"line":3,"column":41},"end":{"line":11,"column":1}},"line":3},"1":{"name":"updateTaskService","decl":{"start":{"line":12,"column":15},"end":{"line":12,"column":32}},"loc":{"start":{"line":12,"column":65},"end":{"line":24,"column":1}},"line":12},"2":{"name":"updateToBacklogService","decl":{"start":{"line":26,"column":15},"end":{"line":26,"column":37}},"loc":{"start":{"line":26,"column":45},"end":{"line":32,"column":1}},"line":26},"3":{"name":"getUserTask","decl":{"start":{"line":53,"column":15},"end":{"line":53,"column":26}},"loc":{"start":{"line":60,"column":2},"end":{"line":68,"column":1}},"line":60},"4":{"name":"getAdminTask","decl":{"start":{"line":70,"column":15},"end":{"line":70,"column":27}},"loc":{"start":{"line":77,"column":2},"end":{"line":85,"column":1}},"line":77},"5":{"name":"checkStatus","decl":{"start":{"line":87,"column":15},"end":{"line":87,"column":26}},"loc":{"start":{"line":87,"column":29},"end":{"line":111,"column":1}},"line":87},"6":{"name":"(anonymous_6)","decl":{"start":{"line":98,"column":45},"end":{"line":98,"column":46}},"loc":{"start":{"line":98,"column":55},"end":{"line":109,"column":3}},"line":98}},"branchMap":{"0":{"loc":{"start":{"line":63,"column":14},"end":{"line":63,"column":75}},"type":"cond-expr","locations":[{"start":{"line":63,"column":28},"end":{"line":63,"column":58}},{"start":{"line":63,"column":61},"end":{"line":63,"column":75}}],"line":63},"1":{"loc":{"start":{"line":80,"column":14},"end":{"line":80,"column":79}},"type":"cond-expr","locations":[{"start":{"line":80,"column":28},"end":{"line":80,"column":60}},{"start":{"line":80,"column":63},"end":{"line":80,"column":79}}],"line":80}},"s":{"0":0,"1":0,"2":0,"3":0,"4":0,"5":0,"6":0,"7":0,"8":0,"9":0,"10":0,"11":0,"12":0,"13":0,"14":0,"15":0,"16":0,"17":0,"18":0,"19":0,"20":0,"21":0,"22":0,"23":0,"24":0,"25":0,"26":0,"27":0,"28":0,"29":0,"30":0},"f":{"0":0,"1":0,"2":0,"3":0,"4":0,"5":0,"6":0},"b":{"0":[0,0],"1":[0,0]},"_coverageSchema":"1a1c01bbd47fc00a2c39e90264f33305004495a9","hash":"f1a6826532edcf89a8b389f44e3eaf935f725bef"}
,"C:\\Users\\shree.maharajan\\Documents\\task management\\service\\userService.js": {"path":"C:\\Users\\shree.maharajan\\Documents\\task management\\service\\userService.js","statementMap":{"0":{"start":{"line":7,"column":2},"end":{"line":7,"column":66}},"1":{"start":{"line":10,"column":2},"end":{"line":15,"column":3}},"2":{"start":{"line":11,"column":17},"end":{"line":11,"column":49}},"3":{"start":{"line":12,"column":4},"end":{"line":12,"column":16}},"4":{"start":{"line":14,"column":4},"end":{"line":14,"column":21}},"5":{"start":{"line":18,"column":2},"end":{"line":18,"column":49}},"6":{"start":{"line":22,"column":2},"end":{"line":22,"column":44}},"7":{"start":{"line":26,"column":2},"end":{"line":26,"column":63}},"8":{"start":{"line":30,"column":2},"end":{"line":30,"column":70}},"9":{"start":{"line":33,"column":2},"end":{"line":33,"column":54}},"10":{"start":{"line":37,"column":2},"end":{"line":37,"column":29}},"11":{"start":{"line":41,"column":2},"end":{"line":41,"column":77}},"12":{"start":{"line":45,"column":2},"end":{"line":45,"column":59}},"13":{"start":{"line":48,"column":2},"end":{"line":48,"column":63}},"14":{"start":{"line":52,"column":15},"end":{"line":52,"column":71}},"15":{"start":{"line":53,"column":19},"end":{"line":53,"column":32}},"16":{"start":{"line":54,"column":16},"end":{"line":54,"column":70}},"17":{"start":{"line":55,"column":17},"end":{"line":55,"column":29}},"18":{"start":{"line":56,"column":20},"end":{"line":56,"column":73}},"19":{"start":{"line":57,"column":16},"end":{"line":57,"column":31}},"20":{"start":{"line":58,"column":21},"end":{"line":61,"column":3}},"21":{"start":{"line":62,"column":19},"end":{"line":62,"column":38}},"22":{"start":{"line":64,"column":2},"end":{"line":64,"column":47}},"23":{"start":{"line":69,"column":2},"end":{"line":69,"column":57}}},"fnMap":{"0":{"name":"insertUserService","decl":{"start":{"line":6,"column":15},"end":{"line":6,"column":32}},"loc":{"start":{"line":6,"column":68},"end":{"line":8,"column":1}},"line":6},"1":{"name":"getUserByName","decl":{"start":{"line":9,"column":15},"end":{"line":9,"column":28}},"loc":{"start":{"line":9,"column":39},"end":{"line":16,"column":1}},"line":9},"2":{"name":"insertToken","decl":{"start":{"line":17,"column":15},"end":{"line":17,"column":26}},"loc":{"start":{"line":17,"column":42},"end":{"line":19,"column":1}},"line":17},"3":{"name":"deleteToken","decl":{"start":{"line":21,"column":15},"end":{"line":21,"column":26}},"loc":{"start":{"line":21,"column":34},"end":{"line":23,"column":1}},"line":21},"4":{"name":"expiryToken","decl":{"start":{"line":25,"column":15},"end":{"line":25,"column":26}},"loc":{"start":{"line":25,"column":34},"end":{"line":27,"column":1}},"line":25},"5":{"name":"getNameById","decl":{"start":{"line":29,"column":15},"end":{"line":29,"column":26}},"loc":{"start":{"line":29,"column":35},"end":{"line":31,"column":1}},"line":29},"6":{"name":"getIdByName","decl":{"start":{"line":32,"column":15},"end":{"line":32,"column":26}},"loc":{"start":{"line":32,"column":37},"end":{"line":34,"column":1}},"line":32},"7":{"name":"getAllUserService","decl":{"start":{"line":36,"column":15},"end":{"line":36,"column":32}},"loc":{"start":{"line":36,"column":35},"end":{"line":38,"column":1}},"line":36},"8":{"name":"findUser","decl":{"start":{"line":40,"column":15},"end":{"line":40,"column":23}},"loc":{"start":{"line":40,"column":34},"end":{"line":42,"column":1}},"line":40},"9":{"name":"updateRoleService","decl":{"start":{"line":44,"column":15},"end":{"line":44,"column":32}},"loc":{"start":{"line":44,"column":49},"end":{"line":46,"column":1}},"line":44},"10":{"name":"findEmail","decl":{"start":{"line":47,"column":15},"end":{"line":47,"column":24}},"loc":{"start":{"line":47,"column":29},"end":{"line":49,"column":1}},"line":47},"11":{"name":"userDetail","decl":{"start":{"line":51,"column":15},"end":{"line":51,"column":25}},"loc":{"start":{"line":51,"column":30},"end":{"line":65,"column":1}},"line":51},"12":{"name":"findToken","decl":{"start":{"line":67,"column":15},"end":{"line":67,"column":24}},"loc":{"start":{"line":67,"column":32},"end":{"line":71,"column":1}},"line":67}},"branchMap":{},"s":{"0":3,"1":5,"2":5,"3":5,"4":0,"5":2,"6":0,"7":2,"8":0,"9":0,"10":2,"11":0,"12":2,"13":0,"14":6,"15":6,"16":6,"17":6,"18":6,"19":6,"20":6,"21":6,"22":6,"23":6},"f":{"0":3,"1":5,"2":2,"3":0,"4":2,"5":0,"6":0,"7":2,"8":0,"9":2,"10":0,"11":6,"12":6},"b":{},"_coverageSchema":"1a1c01bbd47fc00a2c39e90264f33305004495a9","hash":"e903d205d7261d4f4348250c9403dc9071dcb451"}
}
