TN:
SF:app.js
FN:28,(anonymous_0)
FNF:1
FNH:0
FNDA:0,(anonymous_0)
DA:18,1
DA:19,1
DA:20,1
DA:28,1
DA:29,0
DA:34,1
DA:35,1
LF:7
LH:6
BRF:0
BRH:0
end_of_record
TN:
SF:controller\taskController.js
FN:5,postTask
FN:48,(anonymous_1)
FN:51,(anonymous_2)
FN:84,deleteTask
FN:97,updateTask
FN:133,updateToBacklog
FN:150,getTask
FNF:7
FNH:0
FNDA:0,postTask
FNDA:0,(anonymous_1)
FNDA:0,(anonymous_2)
FNDA:0,deleteTask
FNDA:0,updateTask
FNDA:0,updateToBacklog
FNDA:0,getTask
DA:6,0
DA:7,0
DA:8,0
DA:9,0
DA:11,0
DA:13,0
DA:14,0
DA:15,0
DA:25,0
DA:26,0
DA:27,0
DA:34,0
DA:35,0
DA:46,0
DA:49,0
DA:52,0
DA:54,0
DA:56,0
DA:59,0
DA:85,0
DA:86,0
DA:87,0
DA:88,0
DA:90,0
DA:93,0
DA:98,0
DA:99,0
DA:100,0
DA:113,0
DA:115,0
DA:116,0
DA:122,0
DA:127,0
DA:129,0
DA:134,0
DA:135,0
DA:136,0
DA:137,0
DA:138,0
DA:139,0
DA:142,0
DA:145,0
DA:151,0
DA:152,0
DA:153,0
DA:154,0
DA:155,0
DA:156,0
DA:157,0
DA:158,0
DA:159,0
DA:160,0
DA:168,0
DA:169,0
DA:170,0
DA:178,0
DA:182,0
LF:57
LH:0
BRDA:7,0,0,0
BRDA:7,0,1,0
BRDA:86,1,0,0
BRDA:86,1,1,0
BRDA:115,2,0,0
BRDA:115,2,1,0
BRDA:127,3,0,0
BRDA:127,3,1,0
BRDA:137,4,0,0
BRDA:137,4,1,0
BRDA:154,5,0,0
BRDA:154,5,1,0
BRDA:155,6,0,0
BRDA:155,6,1,0
BRDA:157,7,0,0
BRDA:157,7,1,0
BRDA:158,8,0,0
BRDA:158,8,1,0
BRDA:159,9,0,0
BRDA:159,9,1,0
BRDA:169,10,0,0
BRDA:169,10,1,0
BRF:22
BRH:0
end_of_record
TN:
SF:controller\userController.js
FN:6,genHashPassword
FN:13,signup
FN:48,login
FN:72,generateToken
FN:84,logout
FN:94,updateRole
FN:108,getUser
FNF:7
FNH:7
FNDA:3,genHashPassword
FNDA:4,signup
FNDA:5,login
FNDA:3,generateToken
FNDA:2,logout
FNDA:3,updateRole
FNDA:3,getUser
DA:7,3
DA:8,3
DA:9,3
DA:10,3
DA:14,4
DA:15,4
DA:16,4
DA:17,1
DA:23,3
DA:24,3
DA:30,2
DA:31,1
DA:36,1
DA:38,1
DA:42,1
DA:49,5
DA:50,5
DA:51,5
DA:52,5
DA:54,5
DA:55,2
DA:57,3
DA:58,3
DA:59,3
DA:60,2
DA:61,2
DA:62,1
DA:64,1
DA:68,1
DA:73,3
DA:74,3
DA:85,2
DA:86,2
DA:87,2
DA:88,1
DA:90,1
DA:95,3
DA:96,3
DA:97,3
DA:98,2
DA:99,1
DA:101,1
DA:104,1
DA:109,3
DA:110,3
DA:111,2
DA:113,1
DA:116,1
LF:48
LH:48
BRDA:16,0,0,1
BRDA:16,0,1,3
BRDA:30,1,0,1
BRDA:30,1,1,1
BRDA:30,2,0,2
BRDA:30,2,1,2
BRDA:54,3,0,2
BRDA:54,3,1,3
BRDA:59,4,0,2
BRDA:59,4,1,1
BRDA:97,5,0,2
BRDA:97,5,1,1
BRDA:110,6,0,2
BRDA:110,6,1,1
BRF:14
BRH:14
end_of_record
TN:
SF:middleware\auth.js
FN:4,(anonymous_0)
FNF:1
FNH:1
FNDA:6,(anonymous_0)
DA:4,1
DA:5,6
DA:6,6
DA:7,6
DA:8,6
DA:9,6
DA:10,6
DA:11,6
DA:15,6
DA:16,6
DA:17,6
DA:19,0
DA:22,0
DA:23,0
LF:14
LH:11
BRDA:11,0,0,6
BRDA:11,0,1,0
BRDA:12,1,0,6
BRDA:12,1,1,6
BRF:4
BRH:3
end_of_record
TN:
SF:model\role.js
FNF:0
FNH:0
DA:3,1
DA:11,1
LF:2
LH:2
BRF:0
BRH:0
end_of_record
TN:
SF:model\session.js
FNF:0
FNH:0
DA:3,1
DA:12,1
LF:2
LH:2
BRF:0
BRH:0
end_of_record
TN:
SF:model\tasks.js
FNF:0
FNH:0
DA:3,1
DA:26,1
LF:2
LH:2
BRF:0
BRH:0
end_of_record
TN:
SF:model\user.js
FNF:0
FNH:0
DA:3,1
DA:5,1
DA:20,1
LF:3
LH:3
BRF:0
BRH:0
end_of_record
TN:
SF:router\taskRouter.js
FNF:0
FNH:0
DA:5,1
DA:7,1
LF:2
LH:2
BRF:0
BRH:0
end_of_record
TN:
SF:router\userRouter.js
FNF:0
FNH:0
DA:4,1
DA:5,1
DA:6,1
DA:7,1
DA:8,1
DA:9,1
LF:6
LH:6
BRF:0
BRH:0
end_of_record
TN:
SF:service\taskService.js
FN:3,deleteTaskService
FN:12,updateTaskService
FN:26,updateToBacklogService
FN:53,getUserTask
FN:70,getAdminTask
FN:87,checkStatus
FN:98,(anonymous_6)
FNF:7
FNH:0
FNDA:0,deleteTaskService
FNDA:0,updateTaskService
FNDA:0,updateToBacklogService
FNDA:0,getUserTask
FNDA:0,getAdminTask
FNDA:0,checkStatus
FNDA:0,(anonymous_6)
DA:4,0
DA:5,0
DA:6,0
DA:8,0
DA:9,0
DA:13,0
DA:14,0
DA:19,0
DA:21,0
DA:22,0
DA:27,0
DA:61,0
DA:62,0
DA:63,0
DA:64,0
DA:65,0
DA:67,0
DA:78,0
DA:79,0
DA:80,0
DA:81,0
DA:82,0
DA:84,0
DA:88,0
DA:91,0
DA:92,0
DA:98,0
DA:99,0
DA:100,0
DA:108,0
DA:110,0
LF:31
LH:0
BRDA:63,0,0,0
BRDA:63,0,1,0
BRDA:80,1,0,0
BRDA:80,1,1,0
BRF:4
BRH:0
end_of_record
TN:
SF:service\userService.js
FN:6,insertUserService
FN:9,getUserByName
FN:17,insertToken
FN:21,deleteToken
FN:25,expiryToken
FN:29,getNameById
FN:32,getIdByName
FN:36,getAllUserService
FN:40,findUser
FN:44,updateRoleService
FN:47,findEmail
FN:51,userDetail
FN:67,findToken
FNF:13
FNH:8
FNDA:3,insertUserService
FNDA:5,getUserByName
FNDA:2,insertToken
FNDA:0,deleteToken
FNDA:2,expiryToken
FNDA:0,getNameById
FNDA:0,getIdByName
FNDA:2,getAllUserService
FNDA:0,findUser
FNDA:2,updateRoleService
FNDA:0,findEmail
FNDA:6,userDetail
FNDA:6,findToken
DA:7,3
DA:10,5
DA:11,5
DA:12,5
DA:14,0
DA:18,2
DA:22,0
DA:26,2
DA:30,0
DA:33,0
DA:37,2
DA:41,0
DA:45,2
DA:48,0
DA:52,6
DA:53,6
DA:54,6
DA:55,6
DA:56,6
DA:57,6
DA:58,6
DA:62,6
DA:64,6
DA:69,6
LF:24
LH:18
BRF:0
BRH:0
end_of_record
