TN:
SF:app.js
FN:28,(anonymous_0)
FNF:1
FNH:0
FNDA:0,(anonymous_0)
DA:18,2
DA:19,2
DA:20,2
DA:28,2
DA:29,0
DA:34,2
DA:35,2
LF:7
LH:6
BRF:0
BRH:0
end_of_record
TN:
SF:controller\taskController.js
FN:5,postTask
FN:49,(anonymous_1)
FN:52,(anonymous_2)
FN:85,deleteTask
FN:98,updateTask
FN:134,updateToBacklog
FN:154,getTask
FNF:7
FNH:6
FNDA:3,postTask
FNDA:1,(anonymous_1)
FNDA:0,(anonymous_2)
FNDA:3,deleteTask
FNDA:3,updateTask
FNDA:3,updateToBacklog
FNDA:3,getTask
DA:6,3
DA:7,3
DA:8,2
DA:9,2
DA:11,2
DA:13,2
DA:14,2
DA:15,2
DA:25,1
DA:26,1
DA:27,1
DA:34,1
DA:35,1
DA:47,1
DA:50,1
DA:53,0
DA:55,1
DA:57,1
DA:60,1
DA:86,3
DA:87,3
DA:88,2
DA:89,2
DA:91,1
DA:94,1
DA:99,3
DA:100,3
DA:101,3
DA:114,3
DA:116,3
DA:117,1
DA:123,2
DA:128,1
DA:130,1
DA:135,3
DA:136,3
DA:137,2
DA:138,2
DA:139,1
DA:140,2
DA:142,1
DA:144,1
DA:147,2
DA:149,1
DA:150,1
DA:155,3
DA:156,3
DA:157,3
DA:158,3
DA:159,3
DA:160,3
DA:161,3
DA:162,3
DA:163,3
DA:164,1
DA:172,1
DA:173,2
DA:174,2
DA:182,1
DA:186,1
LF:60
LH:59
BRDA:7,0,0,2
BRDA:7,0,1,1
BRDA:87,1,0,2
BRDA:87,1,1,1
BRDA:116,2,0,1
BRDA:116,2,1,2
BRDA:128,3,0,0
BRDA:128,3,1,1
BRDA:137,4,0,2
BRDA:137,4,1,2
BRDA:138,5,0,1
BRDA:138,5,1,1
BRDA:158,6,0,3
BRDA:158,6,1,3
BRDA:159,7,0,3
BRDA:159,7,1,3
BRDA:161,8,0,3
BRDA:161,8,1,3
BRDA:162,9,0,3
BRDA:162,9,1,3
BRDA:163,10,0,1
BRDA:163,10,1,2
BRDA:173,11,0,2
BRDA:173,11,1,0
BRF:24
BRH:22
end_of_record
TN:
SF:controller\userController.js
FN:6,genHashPassword
FN:13,signup
FN:48,login
FN:72,generateToken
FN:84,logout
FN:94,updateRole
FN:108,getUser
FNF:7
FNH:7
FNDA:3,genHashPassword
FNDA:4,signup
FNDA:5,login
FNDA:4,generateToken
FNDA:2,logout
FNDA:3,updateRole
FNDA:3,getUser
DA:7,3
DA:8,3
DA:9,3
DA:10,3
DA:14,4
DA:15,4
DA:16,4
DA:17,1
DA:23,3
DA:24,3
DA:30,2
DA:31,1
DA:36,1
DA:38,1
DA:42,1
DA:49,5
DA:50,5
DA:51,5
DA:52,5
DA:54,5
DA:55,2
DA:57,3
DA:58,3
DA:59,3
DA:60,2
DA:61,2
DA:62,1
DA:64,1
DA:68,1
DA:73,4
DA:74,4
DA:85,2
DA:86,2
DA:87,2
DA:88,1
DA:90,1
DA:95,3
DA:96,3
DA:97,3
DA:98,2
DA:99,1
DA:101,1
DA:104,1
DA:109,3
DA:110,3
DA:111,2
DA:113,1
DA:116,1
LF:48
LH:48
BRDA:16,0,0,1
BRDA:16,0,1,3
BRDA:30,1,0,1
BRDA:30,1,1,1
BRDA:30,2,0,2
BRDA:30,2,1,2
BRDA:54,3,0,2
BRDA:54,3,1,3
BRDA:59,4,0,2
BRDA:59,4,1,1
BRDA:97,5,0,2
BRDA:97,5,1,1
BRDA:110,6,0,2
BRDA:110,6,1,1
BRF:14
BRH:14
end_of_record
TN:
SF:middleware\auth.js
FN:4,(anonymous_0)
FNF:1
FNH:1
FNDA:19,(anonymous_0)
DA:4,2
DA:5,19
DA:6,19
DA:7,19
DA:8,19
DA:9,19
DA:10,19
DA:11,19
DA:15,18
DA:16,18
DA:17,18
DA:19,1
DA:22,0
DA:23,0
LF:14
LH:12
BRDA:11,0,0,18
BRDA:11,0,1,1
BRDA:12,1,0,19
BRDA:12,1,1,19
BRF:4
BRH:4
end_of_record
TN:
SF:model\role.js
FNF:0
FNH:0
DA:3,2
DA:11,2
LF:2
LH:2
BRF:0
BRH:0
end_of_record
TN:
SF:model\session.js
FNF:0
FNH:0
DA:3,2
DA:12,2
LF:2
LH:2
BRF:0
BRH:0
end_of_record
TN:
SF:model\tasks.js
FNF:0
FNH:0
DA:3,2
DA:26,2
LF:2
LH:2
BRF:0
BRH:0
end_of_record
TN:
SF:model\user.js
FNF:0
FNH:0
DA:3,2
DA:5,2
DA:20,2
LF:3
LH:3
BRF:0
BRH:0
end_of_record
TN:
SF:router\taskRouter.js
FNF:0
FNH:0
DA:5,2
DA:7,2
LF:2
LH:2
BRF:0
BRH:0
end_of_record
TN:
SF:router\userRouter.js
FNF:0
FNH:0
DA:4,2
DA:5,2
DA:6,2
DA:7,2
DA:8,2
DA:9,2
LF:6
LH:6
BRF:0
BRH:0
end_of_record
TN:
SF:service\taskService.js
FN:3,deleteTaskService
FN:12,updateTaskService
FN:26,updateToBacklogService
FN:53,getUserTask
FN:70,getAdminTask
FN:87,checkStatus
FN:98,(anonymous_6)
FNF:7
FNH:6
FNDA:2,deleteTaskService
FNDA:2,updateTaskService
FNDA:2,updateToBacklogService
FNDA:2,getUserTask
FNDA:1,getAdminTask
FNDA:3,checkStatus
FNDA:0,(anonymous_6)
DA:4,2
DA:5,2
DA:6,1
DA:8,1
DA:9,1
DA:13,2
DA:14,2
DA:19,1
DA:21,1
DA:22,1
DA:27,2
DA:61,2
DA:62,2
DA:63,2
DA:64,2
DA:65,1
DA:67,1
DA:78,1
DA:79,1
DA:80,1
DA:81,1
DA:82,1
DA:84,1
DA:88,3
DA:91,3
DA:92,3
DA:98,3
DA:99,0
DA:100,0
DA:108,0
DA:110,2
LF:31
LH:28
BRDA:63,0,0,2
BRDA:63,0,1,0
BRDA:80,1,0,1
BRDA:80,1,1,0
BRF:4
BRH:2
end_of_record
TN:
SF:service\userService.js
FN:6,insertUserService
FN:9,getUserByName
FN:17,insertToken
FN:21,expiryToken
FN:24,getIdByName
FN:28,getAllUserService
FN:32,updateRoleService
FN:35,findEmail
FN:39,userDetail
FN:55,findToken
FNF:10
FNH:10
FNDA:3,insertUserService
FNDA:5,getUserByName
FNDA:2,insertToken
FNDA:2,expiryToken
FNDA:2,getIdByName
FNDA:2,getAllUserService
FNDA:2,updateRoleService
FNDA:1,findEmail
FNDA:19,userDetail
FNDA:19,findToken
DA:7,3
DA:10,5
DA:11,5
DA:12,5
DA:14,0
DA:18,2
DA:22,2
DA:25,2
DA:29,2
DA:33,2
DA:36,1
DA:40,19
DA:41,19
DA:42,19
DA:43,19
DA:44,19
DA:45,19
DA:46,19
DA:50,19
DA:52,19
DA:57,19
LF:21
LH:20
BRF:0
BRH:0
end_of_record
